<?xml version="1.0" encoding="UTF-8"?>
<!-- Generated by org.testng.reporters.JUnitReportReporter -->
<testsuite hostname="NLLH4000905188" failures="0" tests="6" name="com.servicenow.tests.GetAPITest" time="5.574" errors="0" timestamp="2020-12-16T17:20:35 CET" skipped="0">
  <testcase classname="com.servicenow.tests.GetAPITest" name="getRepoNoOfFollowers" time="0.469"/>
  <system-out/>
  <testcase classname="com.servicenow.tests.GetAPITest" name="getRepoStarts" time="0.577"/>
  <system-out/>
  <testcase classname="com.servicenow.tests.GetAPITest" name="getRepoGithub" time="1.292"/>
  <system-out/>
  <testcase classname="com.servicenow.tests.GetAPITest" name="getRepoWithWordInReadMe" time="0.599"/>
  <system-out/>
  <testcase classname="com.servicenow.tests.GetAPITest" name="getPublicRepo" time="2.087"/>
  <system-out/>
  <testcase classname="com.servicenow.tests.GetAPITest" name="getRepoSize" time="0.550"/>
  <system-out/>
</testsuite> <!-- com.servicenow.tests.GetAPITest -->
