<?xml version="1.0" encoding="UTF-8"?>
<!-- Generated by org.testng.reporters.JUnitReportReporter -->
<testsuite hostname="NLLH4000905188" failures="0" tests="6" name="com.servicenow.tests.GetAPITest" time="7.734" errors="0" timestamp="2020-12-16T14:04:17 CET" skipped="0">
  <testcase classname="com.servicenow.tests.GetAPITest" name="getRepoNoOfFollowers" time="1.406"/>
  <system-out/>
  <testcase classname="com.servicenow.tests.GetAPITest" name="getPublicRepo" time="1.758"/>
  <system-out/>
  <testcase classname="com.servicenow.tests.GetAPITest" name="getRepoGithub" time="1.501"/>
  <system-out/>
  <testcase classname="com.servicenow.tests.GetAPITest" name="getRepoWithWordInReadMe" time="1.017"/>
  <system-out/>
  <testcase classname="com.servicenow.tests.GetAPITest" name="getRepoStarts" time="1.030"/>
  <system-out/>
  <testcase classname="com.servicenow.tests.GetAPITest" name="getRepoSize" time="1.022"/>
  <system-out/>
</testsuite> <!-- com.servicenow.tests.GetAPITest -->
